Flow report for PONG
Mon Mar 23 10:40:19 2026
Quartus Prime Version 23.1std.1 Build 993 05/14/2024 SC Lite Edition


---------------------
; Table of Contents ;
---------------------
  1. Legal Notice
  2. Flow Summary
  3. Flow Settings
  4. Flow Non-Default Global Settings
  5. Flow Elapsed Time
  6. Flow OS Summary
  7. Flow Log
  8. Flow Messages
  9. Flow Suppressed Messages



----------------
; Legal Notice ;
----------------
Copyright (C) 2024  Intel Corporation. All rights reserved.
Your use of Intel Corporation's design tools, logic functions 
and other software and tools, and any partner logic 
functions, and any output files from any of the foregoing 
(including device programming or simulation files), and any 
associated documentation or information are expressly subject 
to the terms and conditions of the Intel Program License 
Subscription Agreement, the Intel Quartus Prime License Agreement,
the Intel FPGA IP License Agreement, or other applicable license
agreement, including, without limitation, that your use is for
the sole purpose of programming logic devices manufactured by
Intel and sold by Intel or its authorized distributors.  Please
refer to the applicable agreement for further details, at
https://fpgasoftware.intel.com/eula.



+----------------------------------------------------------------------------------+
; Flow Summary                                                                     ;
+---------------------------------+------------------------------------------------+
; Flow Status                     ; Successful - Mon Mar 23 10:40:07 2026          ;
; Quartus Prime Version           ; 23.1std.1 Build 993 05/14/2024 SC Lite Edition ;
; Revision Name                   ; PONG                                           ;
; Top-level Entity Name           ; PONG                                           ;
; Family                          ; Cyclone V                                      ;
; Device                          ; 5CSXFC6D6F31C6                                 ;
; Timing Models                   ; Final                                          ;
; Logic utilization (in ALMs)     ; 1,611 / 41,910 ( 4 % )                         ;
; Total registers                 ; 241                                            ;
; Total pins                      ; 76 / 499 ( 15 % )                              ;
; Total virtual pins              ; 0                                              ;
; Total block memory bits         ; 0 / 5,662,720 ( 0 % )                          ;
; Total DSP Blocks                ; 0 / 112 ( 0 % )                                ;
; Total HSSI RX PCSs              ; 0 / 9 ( 0 % )                                  ;
; Total HSSI PMA RX Deserializers ; 0 / 9 ( 0 % )                                  ;
; Total HSSI TX PCSs              ; 0 / 9 ( 0 % )                                  ;
; Total HSSI PMA TX Serializers   ; 0 / 9 ( 0 % )                                  ;
; Total PLLs                      ; 0 / 15 ( 0 % )                                 ;
; Total DLLs                      ; 0 / 4 ( 0 % )                                  ;
+---------------------------------+------------------------------------------------+


+-----------------------------------------+
; Flow Settings                           ;
+-------------------+---------------------+
; Option            ; Setting             ;
+-------------------+---------------------+
; Start date & time ; 03/23/2026 10:38:24 ;
; Main task         ; Compilation         ;
; Revision Name     ; PONG                ;
+-------------------+---------------------+


+------------------------------------------------------------------------------------------------------------------------------------------------+
; Flow Non-Default Global Settings                                                                                                               ;
+-------------------------------------+----------------------------------------+---------------+-------------+-----------------------------------+
; Assignment Name                     ; Value                                  ; Default Value ; Entity Name ; Section Id                        ;
+-------------------------------------+----------------------------------------+---------------+-------------+-----------------------------------+
; COMPILER_SIGNATURE_ID               ; 17854655340281.177428030450540         ; --            ; --          ; --                                ;
; EDA_GENERATE_FUNCTIONAL_NETLIST     ; Off                                    ; --            ; --          ; eda_board_design_timing           ;
; EDA_GENERATE_FUNCTIONAL_NETLIST     ; Off                                    ; --            ; --          ; eda_board_design_boundary_scan    ;
; EDA_GENERATE_FUNCTIONAL_NETLIST     ; Off                                    ; --            ; --          ; eda_board_design_signal_integrity ;
; EDA_GENERATE_FUNCTIONAL_NETLIST     ; Off                                    ; --            ; --          ; eda_board_design_symbol           ;
; MAX_CORE_JUNCTION_TEMP              ; 85                                     ; --            ; --          ; --                                ;
; MIN_CORE_JUNCTION_TEMP              ; 0                                      ; --            ; --          ; --                                ;
; PARTITION_COLOR                     ; -- (Not supported for targeted family) ; --            ; --          ; Top                               ;
; PARTITION_FITTER_PRESERVATION_LEVEL ; -- (Not supported for targeted family) ; --            ; --          ; Top                               ;
; PARTITION_NETLIST_TYPE              ; -- (Not supported for targeted family) ; --            ; --          ; Top                               ;
; PROJECT_OUTPUT_DIRECTORY            ; output_files                           ; --            ; --          ; --                                ;
+-------------------------------------+----------------------------------------+---------------+-------------+-----------------------------------+


+--------------------------------------------------------------------------------------------------------------------------+
; Flow Elapsed Time                                                                                                        ;
+----------------------+--------------+-------------------------+---------------------+------------------------------------+
; Module Name          ; Elapsed Time ; Average Processors Used ; Peak Virtual Memory ; Total CPU Time (on all processors) ;
+----------------------+--------------+-------------------------+---------------------+------------------------------------+
; Analysis & Synthesis ; 00:00:22     ; 1.0                     ; 4917 MB             ; 00:00:32                           ;
; Fitter               ; 00:01:11     ; 1.2                     ; 6639 MB             ; 00:02:32                           ;
; Assembler            ; 00:00:07     ; 1.0                     ; 5257 MB             ; 00:00:08                           ;
; Timing Analyzer      ; 00:00:10     ; 1.7                     ; 5399 MB             ; 00:00:16                           ;
; Total                ; 00:01:50     ; --                      ; --                  ; 00:03:28                           ;
+----------------------+--------------+-------------------------+---------------------+------------------------------------+


+------------------------------------------------------------------------------------+
; Flow OS Summary                                                                    ;
+----------------------+------------------+------------+------------+----------------+
; Module Name          ; Machine Hostname ; OS Name    ; OS Version ; Processor type ;
+----------------------+------------------+------------+------------+----------------+
; Analysis & Synthesis ; LAPTOP-OQISIOA0  ; Windows 10 ; 10.0       ; x86_64         ;
; Fitter               ; LAPTOP-OQISIOA0  ; Windows 10 ; 10.0       ; x86_64         ;
; Assembler            ; LAPTOP-OQISIOA0  ; Windows 10 ; 10.0       ; x86_64         ;
; Timing Analyzer      ; LAPTOP-OQISIOA0  ; Windows 10 ; 10.0       ; x86_64         ;
+----------------------+------------------+------------+------------+----------------+


------------
; Flow Log ;
------------
quartus_map --read_settings_files=on --write_settings_files=off PONG -c PONG
quartus_fit --read_settings_files=off --write_settings_files=off PONG -c PONG
quartus_asm --read_settings_files=off --write_settings_files=off PONG -c PONG
quartus_sta PONG -c PONG



